<?xml version="1.0" encoding="UTF-8"?>
<!-- Generated by org.testng.reporters.JUnitXMLReporter -->
<testsuite hostname="ozdev2101" ignored="0" name="test" tests="2" failures="2" timestamp="2022-03-30T00:20:15 IST" time="74.887" errors="0">
  <testcase name="loginfuntionVerfication_TC01" time="38.44" classname="com.NonKeyword_FutureReadyFramework.automation.testCases.TC01_LoginFunctionality">
    <failure type="java.lang.RuntimeException" message="[FAILED] LOGINFAILED">
      <![CDATA[java.lang.RuntimeException: [FAILED] LOGINFAILED
at com.NonKeyword_FutureReadyFramework.automation.application.LoginPage.loginFuction_DMT(LoginPage.java:49)
at com.NonKeyword_FutureReadyFramework.automation.testCases.TC01_LoginFunctionality.loginfuntionVerfication_TC01(TC01_LoginFunctionality.java:28)
at java.util.ArrayList.forEach(ArrayList.java:1259)
at com.NonKeyword_FutureReadyFramework.automation.frameworkDriver.DriverScript.testRunner(DriverScript.java:50)
at com.NonKeyword_FutureReadyFramework.automation.frameworkDriver.DriverScript.main(DriverScript.java:95)
... Removed 24 stack frames]]>
    </failure>
  </testcase> <!-- loginfuntionVerfication_TC01 -->
  <testcase name="loginfuntionVerfication_TC02" time="35.942" classname="com.NonKeyword_FutureReadyFramework.automation.testCases.TC02_LoginFunctionality">
    <failure type="java.lang.RuntimeException" message="[FAILED] LOGINFAILED">
      <![CDATA[java.lang.RuntimeException: [FAILED] LOGINFAILED
at com.NonKeyword_FutureReadyFramework.automation.application.LoginPage.loginFuction_DMT(LoginPage.java:49)
at com.NonKeyword_FutureReadyFramework.automation.testCases.TC02_LoginFunctionality.loginfuntionVerfication_TC02(TC02_LoginFunctionality.java:28)
at java.util.ArrayList.forEach(ArrayList.java:1259)
at com.NonKeyword_FutureReadyFramework.automation.frameworkDriver.DriverScript.testRunner(DriverScript.java:50)
at com.NonKeyword_FutureReadyFramework.automation.frameworkDriver.DriverScript.main(DriverScript.java:95)
... Removed 24 stack frames]]>
    </failure>
  </testcase> <!-- loginfuntionVerfication_TC02 -->
</testsuite> <!-- test -->
