<?xml version="1.0" encoding="UTF-8"?>
<!-- Generated by org.testng.reporters.JUnitXMLReporter -->
<testsuite hostname="ozdev0600" ignored="2" name="test_with_firefox" tests="1" failures="0" timestamp="2022-03-06T22:16:07 IST" time="19.823" errors="0">
  <testcase name="loginPage" time="19.714" classname="com.failureAnalysis_GTM.homePageLogin.LoginFunctionality"/>
  <testcase name="readTestCaseName" time="0.0" classname="com.failureAnalysis_GTM.homePageLogin.LoginFunctionality">
    <ignored/>
  </testcase> <!-- readTestCaseName -->
  <testcase name="sample" time="0.0" classname="com.failureAnalysis_GTM.homePageLogin.LoginFunctionality">
    <ignored/>
  </testcase> <!-- sample -->
</testsuite> <!-- test_with_firefox -->
