<?xml version="1.0" encoding="UTF-8"?>
<testng-results ignored="0" total="1" passed="1" failed="0" skipped="0">
  <reporter-output>
  </reporter-output>
  <suite started-at="2022-08-23T16:05:33 CDT" name="Suite" finished-at="2022-08-23T16:10:54 CDT" duration-ms="321200">
    <groups>
    </groups>
    <test started-at="2022-08-23T16:05:33 CDT" name="Test" finished-at="2022-08-23T16:10:54 CDT" duration-ms="321200">
      <class name="com.NonKeyword_FutureReadyFramework.automation.testCases.TC_PostCards_update_Product_Print_properties_Size">
        <test-method signature="TC62_PostCards_update_Product_Print_properties_Size()[pri:0, instance:com.NonKeyword_FutureReadyFramework.automation.testCases.TC_PostCards_update_Product_Print_properties_Size@674bd420]" started-at="2022-08-23T16:05:33 CDT" name="TC62_PostCards_update_Product_Print_properties_Size" finished-at="2022-08-23T16:10:54 CDT" duration-ms="321102" status="PASS">
          <reporter-output>
          </reporter-output>
        </test-method> <!-- TC62_PostCards_update_Product_Print_properties_Size -->
      </class> <!-- com.NonKeyword_FutureReadyFramework.automation.testCases.TC_PostCards_update_Product_Print_properties_Size -->
    </test> <!-- Test -->
  </suite> <!-- Suite -->
</testng-results>
