<?xml version="1.0" encoding="UTF-8"?>
<testng-results skipped="0" failed="2" ignored="0" total="2" passed="0">
  <reporter-output>
  </reporter-output>
  <suite name="Test Suite" duration-ms="74887" started-at="2022-03-30T00:18:58 IST" finished-at="2022-03-30T00:20:13 IST">
    <groups>
    </groups>
    <test name="test" duration-ms="74887" started-at="2022-03-30T00:18:58 IST" finished-at="2022-03-30T00:20:13 IST">
      <class name="com.NonKeyword_FutureReadyFramework.automation.testCases.TC02_LoginFunctionality">
        <test-method status="FAIL" signature="loginfuntionVerfication_TC02()[pri:0, instance:com.NonKeyword_FutureReadyFramework.automation.testCases.TC02_LoginFunctionality@662ac478]" name="loginfuntionVerfication_TC02" duration-ms="35942" started-at="2022-03-30T00:19:37 IST" finished-at="2022-03-30T00:20:13 IST">
          <exception class="java.lang.RuntimeException">
            <message>
              <![CDATA[[FAILED] LOGINFAILED]]>
            </message>
            <full-stacktrace>
              <![CDATA[java.lang.RuntimeException: [FAILED] LOGINFAILED
at com.NonKeyword_FutureReadyFramework.automation.application.LoginPage.loginFuction_DMT(LoginPage.java:49)
at com.NonKeyword_FutureReadyFramework.automation.testCases.TC02_LoginFunctionality.loginfuntionVerfication_TC02(TC02_LoginFunctionality.java:28)
at sun.reflect.NativeMethodAccessorImpl.invoke0(Native Method)
at sun.reflect.NativeMethodAccessorImpl.invoke(NativeMethodAccessorImpl.java:62)
at sun.reflect.DelegatingMethodAccessorImpl.invoke(DelegatingMethodAccessorImpl.java:43)
at java.lang.reflect.Method.invoke(Method.java:498)
at org.testng.internal.MethodInvocationHelper.invokeMethod(MethodInvocationHelper.java:133)
at org.testng.internal.TestInvoker.invokeMethod(TestInvoker.java:598)
at org.testng.internal.TestInvoker.invokeTestMethod(TestInvoker.java:173)
at org.testng.internal.MethodRunner.runInSequence(MethodRunner.java:46)
at org.testng.internal.TestInvoker$MethodInvocationAgent.invoke(TestInvoker.java:824)
at org.testng.internal.TestInvoker.invokeTestMethods(TestInvoker.java:146)
at org.testng.internal.TestMethodWorker.invokeTestMethods(TestMethodWorker.java:146)
at org.testng.internal.TestMethodWorker.run(TestMethodWorker.java:128)
at java.util.ArrayList.forEach(ArrayList.java:1259)
at org.testng.TestRunner.privateRun(TestRunner.java:794)
at org.testng.TestRunner.run(TestRunner.java:596)
at org.testng.SuiteRunner.runTest(SuiteRunner.java:377)
at org.testng.SuiteRunner.runSequentially(SuiteRunner.java:371)
at org.testng.SuiteRunner.privateRun(SuiteRunner.java:332)
at org.testng.SuiteRunner.run(SuiteRunner.java:276)
at org.testng.SuiteRunnerWorker.runSuite(SuiteRunnerWorker.java:53)
at org.testng.SuiteRunnerWorker.run(SuiteRunnerWorker.java:96)
at org.testng.TestNG.runSuitesSequentially(TestNG.java:1212)
at org.testng.TestNG.runSuitesLocally(TestNG.java:1134)
at org.testng.TestNG.runSuites(TestNG.java:1063)
at org.testng.TestNG.run(TestNG.java:1031)
at com.NonKeyword_FutureReadyFramework.automation.frameworkDriver.DriverScript.testRunner(DriverScript.java:50)
at com.NonKeyword_FutureReadyFramework.automation.frameworkDriver.DriverScript.main(DriverScript.java:95)
]]>
            </full-stacktrace>
          </exception> <!-- java.lang.RuntimeException -->
          <reporter-output>
          </reporter-output>
        </test-method> <!-- loginfuntionVerfication_TC02 -->
      </class> <!-- com.NonKeyword_FutureReadyFramework.automation.testCases.TC02_LoginFunctionality -->
      <class name="com.NonKeyword_FutureReadyFramework.automation.testCases.TC01_LoginFunctionality">
        <test-method status="FAIL" signature="loginfuntionVerfication_TC01()[pri:0, instance:com.NonKeyword_FutureReadyFramework.automation.testCases.TC01_LoginFunctionality@7e6f74c]" name="loginfuntionVerfication_TC01" duration-ms="38440" started-at="2022-03-30T00:18:59 IST" finished-at="2022-03-30T00:19:37 IST">
          <exception class="java.lang.RuntimeException">
            <message>
              <![CDATA[[FAILED] LOGINFAILED]]>
            </message>
            <full-stacktrace>
              <![CDATA[java.lang.RuntimeException: [FAILED] LOGINFAILED
at com.NonKeyword_FutureReadyFramework.automation.application.LoginPage.loginFuction_DMT(LoginPage.java:49)
at com.NonKeyword_FutureReadyFramework.automation.testCases.TC01_LoginFunctionality.loginfuntionVerfication_TC01(TC01_LoginFunctionality.java:28)
at sun.reflect.NativeMethodAccessorImpl.invoke0(Native Method)
at sun.reflect.NativeMethodAccessorImpl.invoke(NativeMethodAccessorImpl.java:62)
at sun.reflect.DelegatingMethodAccessorImpl.invoke(DelegatingMethodAccessorImpl.java:43)
at java.lang.reflect.Method.invoke(Method.java:498)
at org.testng.internal.MethodInvocationHelper.invokeMethod(MethodInvocationHelper.java:133)
at org.testng.internal.TestInvoker.invokeMethod(TestInvoker.java:598)
at org.testng.internal.TestInvoker.invokeTestMethod(TestInvoker.java:173)
at org.testng.internal.MethodRunner.runInSequence(MethodRunner.java:46)
at org.testng.internal.TestInvoker$MethodInvocationAgent.invoke(TestInvoker.java:824)
at org.testng.internal.TestInvoker.invokeTestMethods(TestInvoker.java:146)
at org.testng.internal.TestMethodWorker.invokeTestMethods(TestMethodWorker.java:146)
at org.testng.internal.TestMethodWorker.run(TestMethodWorker.java:128)
at java.util.ArrayList.forEach(ArrayList.java:1259)
at org.testng.TestRunner.privateRun(TestRunner.java:794)
at org.testng.TestRunner.run(TestRunner.java:596)
at org.testng.SuiteRunner.runTest(SuiteRunner.java:377)
at org.testng.SuiteRunner.runSequentially(SuiteRunner.java:371)
at org.testng.SuiteRunner.privateRun(SuiteRunner.java:332)
at org.testng.SuiteRunner.run(SuiteRunner.java:276)
at org.testng.SuiteRunnerWorker.runSuite(SuiteRunnerWorker.java:53)
at org.testng.SuiteRunnerWorker.run(SuiteRunnerWorker.java:96)
at org.testng.TestNG.runSuitesSequentially(TestNG.java:1212)
at org.testng.TestNG.runSuitesLocally(TestNG.java:1134)
at org.testng.TestNG.runSuites(TestNG.java:1063)
at org.testng.TestNG.run(TestNG.java:1031)
at com.NonKeyword_FutureReadyFramework.automation.frameworkDriver.DriverScript.testRunner(DriverScript.java:50)
at com.NonKeyword_FutureReadyFramework.automation.frameworkDriver.DriverScript.main(DriverScript.java:95)
]]>
            </full-stacktrace>
          </exception> <!-- java.lang.RuntimeException -->
          <reporter-output>
          </reporter-output>
        </test-method> <!-- loginfuntionVerfication_TC01 -->
      </class> <!-- com.NonKeyword_FutureReadyFramework.automation.testCases.TC01_LoginFunctionality -->
    </test> <!-- test -->
  </suite> <!-- Test Suite -->
</testng-results>
