<?xml version="1.0" encoding="UTF-8"?>
<!-- Generated by org.testng.reporters.JUnitReportReporter -->
<testsuite skipped="0" hostname="ozdev0426" name="com.failureAnalysis_GTM.homePageLogin.LoginFunctionality" tests="1" failures="0" timestamp="2022-03-10T14:36:41 IST" time="29.307" errors="1">
  <testcase name="loginPage" time="29.307" classname="com.failureAnalysis_GTM.homePageLogin.LoginFunctionality">
    <error type="java.lang.IllegalStateException" message="Cannot get a numeric value from a text cell">
      <![CDATA[java.lang.IllegalStateException: Cannot get a numeric value from a text cell
at org.apache.poi.xssf.usermodel.XSSFCell.typeMismatch(XSSFCell.java:845)
at org.apache.poi.xssf.usermodel.XSSFCell.getNumericCellValue(XSSFCell.java:202)
at com.failureAnalysis_GTM.automation.excelReader.ExcelUtils.excelreadPassword(ExcelUtils.java:184)
at com.failureAnalysis_GTM.homePageLogin.LoginFunctionality.loginPage(LoginFunctionality.java:32)
at sun.reflect.NativeMethodAccessorImpl.invoke0(Native Method)
at sun.reflect.NativeMethodAccessorImpl.invoke(NativeMethodAccessorImpl.java:62)
at sun.reflect.DelegatingMethodAccessorImpl.invoke(DelegatingMethodAccessorImpl.java:43)
at java.lang.reflect.Method.invoke(Method.java:498)
at org.testng.internal.MethodInvocationHelper.invokeMethod(MethodInvocationHelper.java:133)
at org.testng.internal.TestInvoker.invokeMethod(TestInvoker.java:598)
at org.testng.internal.TestInvoker.invokeTestMethod(TestInvoker.java:173)
at org.testng.internal.MethodRunner.runInSequence(MethodRunner.java:46)
at org.testng.internal.TestInvoker$MethodInvocationAgent.invoke(TestInvoker.java:824)
at org.testng.internal.TestInvoker.invokeTestMethods(TestInvoker.java:146)
at org.testng.internal.TestMethodWorker.invokeTestMethods(TestMethodWorker.java:146)
at org.testng.internal.TestMethodWorker.run(TestMethodWorker.java:128)
at java.util.ArrayList.forEach(ArrayList.java:1259)
at org.testng.TestRunner.privateRun(TestRunner.java:794)
at org.testng.TestRunner.run(TestRunner.java:596)
at org.testng.SuiteRunner.runTest(SuiteRunner.java:377)
at org.testng.SuiteRunner.runSequentially(SuiteRunner.java:371)
at org.testng.SuiteRunner.privateRun(SuiteRunner.java:332)
at org.testng.SuiteRunner.run(SuiteRunner.java:276)
at org.testng.SuiteRunnerWorker.runSuite(SuiteRunnerWorker.java:53)
at org.testng.SuiteRunnerWorker.run(SuiteRunnerWorker.java:96)
at org.testng.TestNG.runSuitesSequentially(TestNG.java:1212)
at org.testng.TestNG.runSuitesLocally(TestNG.java:1134)
at org.testng.TestNG.runSuites(TestNG.java:1063)
at org.testng.TestNG.run(TestNG.java:1031)
at com.failureAnalysis_GTM.homePageLogin.DriverScript.testRunner(DriverScript.java:60)
at com.failureAnalysis_GTM.homePageLogin.DriverScript.main(DriverScript.java:103)
]]>
    </error>
  </testcase> <!-- loginPage -->
  <system-out/>
</testsuite> <!-- com.failureAnalysis_GTM.homePageLogin.LoginFunctionality -->
