<?xml version="1.0" encoding="UTF-8"?>
<!-- Generated by org.testng.reporters.JUnitReportReporter -->
<testsuite skipped="1" hostname="ozdev1964" name="com.failureAnalysis_GTM.homePageLogin.HomePageLogin" tests="2" failures="0" timestamp="2022-03-04T00:42:17 IST" time="14.865" errors="0">
  <testcase name="loginPage" time="14.865" classname="com.failureAnalysis_GTM.homePageLogin.HomePageLogin"/>
  <system-out/>
  <testcase name="readcred" classname="com.failureAnalysis_GTM.homePageLogin.HomePageLogin">
    <skipped/>
  </testcase> <!-- readcred -->
  <system-out/>
</testsuite> <!-- com.failureAnalysis_GTM.homePageLogin.HomePageLogin -->
