<?xml version="1.0" encoding="UTF-8"?>
<!-- Generated by org.testng.reporters.JUnitReportReporter -->
<testsuite skipped="0" hostname="ozdev0111" name="com.failureAnalysis_GTM.homePageLogin.LoginFunctionality2" tests="1" failures="0" timestamp="2022-03-09T18:24:48 IST" time="13.501" errors="0">
  <testcase name="loginPage" time="13.501" classname="com.failureAnalysis_GTM.homePageLogin.LoginFunctionality2"/>
  <system-out/>
</testsuite> <!-- com.failureAnalysis_GTM.homePageLogin.LoginFunctionality2 -->
