<?xml version="1.0" encoding="UTF-8"?>
<!-- Generated by org.testng.reporters.JUnitReportReporter -->
<testsuite hostname="DNE-4652497-L1" failures="0" tests="1" name="com.NonKeyword_FutureReadyFramework.automation.testCases.TC_PostCards_update_Product_Print_properties_Size" time="321.102" errors="0" timestamp="2022-08-23T16:10:54 CDT" skipped="0">
  <testcase classname="com.NonKeyword_FutureReadyFramework.automation.testCases.TC_PostCards_update_Product_Print_properties_Size" name="TC62_PostCards_update_Product_Print_properties_Size" time="321.102"/>
  <system-out/>
</testsuite> <!-- com.NonKeyword_FutureReadyFramework.automation.testCases.TC_PostCards_update_Product_Print_properties_Size -->
